Memshak Installation Log 
Started: 01/10/2025 12:01:13.07 
========================================== 
[OK] Running as Administrator 
[INFO] Architecture: x64 
[INFO] Install directory: C:\Users\Mickey\memshak-system 
[INFO] Docker found - checking system configuration... 
[INFO] System already configured - skipping prerequisites 
[DEBUG] Jumping to install_memshak_files section 
[DEBUG] Reached install_memshak_files section 
========================================== 
[STEP 1/3] DOWNLOADING MEMSHAK 
========================================== 
[ACTION] Downloading package... 
[DEBUG] Download URL: https://github.com/mickeyklai/memshak-deployment/archive/refs/heads/main.zip 
[DEBUG] Target file: C:\Users\Mickey\AppData\Local\Temp\memshak-deploy.zip 
PowerShell download completed
[OK] Download complete 
[DEBUG] Downloaded file size: 
 Volume in drive C is OS
 Volume Serial Number is AEBF-C9B2

 Directory of C:\Users\Mickey\AppData\Local\Temp

01/10/2025  12:01            60,103 memshak-deploy.zip
               1 File(s)         60,103 bytes
               0 Dir(s)  220,362,719,232 bytes free
========================================== 
[STEP 2/3] EXTRACTING FILES 
========================================== 
[ACTION] Extracting archive... 
[OK] Extracted 
[ACTION] Finding extracted directory... 
[FOUND] C:\Users\Mickey\AppData\Local\Temp\memshak-deployment-main 
[ACTION] Copying files... 
C:\Users\Mickey\AppData\Local\Temp\memshak-deployment-main\.env
C:\Users\Mickey\AppData\Local\Temp\memshak-deployment-main\.env.example
C:\Users\Mickey\AppData\Local\Temp\memshak-deployment-main\.primary
C:\Users\Mickey\AppData\Local\Temp\memshak-deployment-main\.primary.err
C:\Users\Mickey\AppData\Local\Temp\memshak-deployment-main\auth.ps1
C:\Users\Mickey\AppData\Local\Temp\memshak-deployment-main\cert-detect-display.ps1
C:\Users\Mickey\AppData\Local\Temp\memshak-deployment-main\cert-detect-thumbprint.ps1
C:\Users\Mickey\AppData\Local\Temp\memshak-deployment-main\check-active-certs.ps1
C:\Users\Mickey\AppData\Local\Temp\memshak-deployment-main\compose.err
C:\Users\Mickey\AppData\Local\Temp\memshak-deployment-main\detect-certificate-auto.ps1
C:\Users\Mickey\AppData\Local\Temp\memshak-deployment-main\detect-certificate.bat
C:\Users\Mickey\AppData\Local\Temp\memshak-deployment-main\docker-compose.yml
C:\Users\Mickey\AppData\Local\Temp\memshak-deployment-main\generate-basic-ssl.ps1
C:\Users\Mickey\AppData\Local\Temp\memshak-deployment-main\generate-ssl.ps1
C:\Users\Mickey\AppData\Local\Temp\memshak-deployment-main\host-auth-server.ps1
C:\Users\Mickey\AppData\Local\Temp\memshak-deployment-main\nginx-https.conf
C:\Users\Mickey\AppData\Local\Temp\memshak-deployment-main\README.md
C:\Users\Mickey\AppData\Local\Temp\memshak-deployment-main\start-auth-server-backup.bat
C:\Users\Mickey\AppData\Local\Temp\memshak-deployment-main\start-auth-server-fixed.bat
C:\Users\Mickey\AppData\Local\Temp\memshak-deployment-main\start-auth-server-new.bat
C:\Users\Mickey\AppData\Local\Temp\memshak-deployment-main\start-auth-server.bat
C:\Users\Mickey\AppData\Local\Temp\memshak-deployment-main\start-local.bat
C:\Users\Mickey\AppData\Local\Temp\memshak-deployment-main\stop-local.bat
C:\Users\Mickey\AppData\Local\Temp\memshak-deployment-main\update-system.bat
C:\Users\Mickey\AppData\Local\Temp\memshak-deployment-main\docs\index.html
C:\Users\Mickey\AppData\Local\Temp\memshak-deployment-main\docs\INSTALL-MEMSHAK.bat
C:\Users\Mickey\AppData\Local\Temp\memshak-deployment-main\docs\INSTALLER-README.md
C:\Users\Mickey\AppData\Local\Temp\memshak-deployment-main\docs\memshak-installer-enhanced-fixed.ps1
C:\Users\Mickey\AppData\Local\Temp\memshak-deployment-main\docs\memshak-installer-enhanced.bat
C:\Users\Mickey\AppData\Local\Temp\memshak-deployment-main\docs\memshak-installer-enhanced.ps1
C:\Users\Mickey\AppData\Local\Temp\memshak-deployment-main\docs\memshak-installer.bat
C:\Users\Mickey\AppData\Local\Temp\memshak-deployment-main\web\index.html
32 File(s) copied
[OK] Files copied 
[ACTION] Verifying files... 
[OK] docker-compose.yml found 
[ACTION] Cleaning up... 
[OK] Cleanup complete 
========================================== 
[STEP 3/3] STARTING SERVICES 
========================================== 
[ACTION] Changing to install directory 
[INFO] Found start-local.bat 
[ACTION] Calling start-local.bat 
[INFO] start-local.bat completed 
[ACTION] Creating shortcuts 
[INFO] Installation completed 
